<?xml version="1.0" encoding="UTF-8"?>
<testsuite xmlns:xsi="http://www.w3.org/2001/XMLSchema-instance" xsi:noNamespaceSchemaLocation="https://maven.apache.org/surefire/maven-surefire-plugin/xsd/surefire-test-report-3.0.xsd" version="3.0" name="lab02.Prob3Should" time="0.013" tests="6" errors="0" skipped="0" failures="0">
  <properties>
[...]
</properties>
  <testcase name="test_frame_path" classname="lab02.Prob3Should" time="0"/>
  <testcase name="test_going_backwards" classname="lab02.Prob3Should" time="0.001"/>
  <testcase name="test_time_to_frame_num" classname="lab02.Prob3Should" time="0.001"/>
  <testcase name="test_time_to_X" classname="lab02.Prob3Should" time="0.001"/>
  <testcase name="test_time_to_bird" classname="lab02.Prob3Should" time="0.002"/>
  <testcase name="test_pixels_moved" classname="lab02.Prob3Should" time="0.001"/>
</testsuite>